
/home/runner/work/exp-linear-block-codes-iiith/exp-linear-block-codes-iiith/experiment/simulation/js/block-code.js
    1:10  warning  'verify1' is defined but never used  no-unused-vars
   32:10  warning  'verify2' is defined but never used  no-unused-vars
   63:10  warning  'verify3' is defined but never used  no-unused-vars
   94:10  warning  'verify4' is defined but never used  no-unused-vars
  126:10  warning  'page1' is defined but never used    no-unused-vars
  143:10  warning  'page2' is defined but never used    no-unused-vars
  159:10  warning  'page3' is defined but never used    no-unused-vars
  175:10  warning  'page4' is defined but never used    no-unused-vars

/home/runner/work/exp-linear-block-codes-iiith/exp-linear-block-codes-iiith/experiment/simulation/js/decoding.js
  15:10  warning  'verify' is defined but never used  no-unused-vars
  29:9   warning  'c1' is not defined                 no-undef
  33:9   warning  'c1' is not defined                 no-undef
  37:9   warning  'c2' is not defined                 no-undef
  41:9   warning  'c2' is not defined                 no-undef
  45:9   warning  'c3' is not defined                 no-undef
  49:9   warning  'c3' is not defined                 no-undef
  76:20  warning  'c1' is not defined                 no-undef
  76:32  warning  'c2' is not defined                 no-undef
  76:44  warning  'c3' is not defined                 no-undef
  95:10  warning  'ref' is defined but never used     no-unused-vars

/home/runner/work/exp-linear-block-codes-iiith/exp-linear-block-codes-iiith/experiment/simulation/js/encoding-repetition.js
    2:10  warning  'display' is defined but never used  no-unused-vars
   42:10  warning  'check' is defined but never used    no-unused-vars
  116:10  warning  'initial' is defined but never used  no-unused-vars

/home/runner/work/exp-linear-block-codes-iiith/exp-linear-block-codes-iiith/experiment/simulation/js/encoding-spc.js
    2:10  warning  'display' is defined but never used  no-unused-vars
   49:10  warning  'check' is defined but never used    no-unused-vars
  124:10  warning  'initial' is defined but never used  no-unused-vars

/home/runner/work/exp-linear-block-codes-iiith/exp-linear-block-codes-iiith/experiment/simulation/js/error-detection.js
  14:10  warning  'verify' is defined but never used  no-unused-vars
  37:10  warning  'ref' is defined but never used     no-unused-vars

/home/runner/work/exp-linear-block-codes-iiith/exp-linear-block-codes-iiith/experiment/simulation/js/linear-dependence.js
    1:10  warning  'verify1' is defined but never used  no-unused-vars
   47:10  warning  'verify2' is defined but never used  no-unused-vars
   94:10  warning  'verify3' is defined but never used  no-unused-vars
  142:10  warning  'page1' is defined but never used    no-unused-vars
  157:10  warning  'page2' is defined but never used    no-unused-vars
  171:10  warning  'page3' is defined but never used    no-unused-vars

/home/runner/work/exp-linear-block-codes-iiith/exp-linear-block-codes-iiith/experiment/simulation/js/span.js
   11:10  warning  'hide1' is defined but never used   no-unused-vars
   25:10  warning  'hide2' is defined but never used   no-unused-vars
   36:10  warning  'hide3' is defined but never used   no-unused-vars
   50:10  warning  'hide4' is defined but never used   no-unused-vars
   61:10  warning  'hide5' is defined but never used   no-unused-vars
   75:10  warning  'hide6' is defined but never used   no-unused-vars
   86:10  warning  'check1' is defined but never used  no-unused-vars
  111:10  warning  'check2' is defined but never used  no-unused-vars
  141:10  warning  'check3' is defined but never used  no-unused-vars
  218:10  warning  'page1' is defined but never used   no-unused-vars
  231:10  warning  'page2' is defined but never used   no-unused-vars
  244:10  warning  'page3' is defined but never used   no-unused-vars

✖ 45 problems (0 errors, 45 warnings)

